2026-04-30 17:30:18 | INFO     | === Plotting Run Started ===
2026-04-30 17:30:18 | INFO     | Run name: plot_reproduction14453_100_20260430_173018
2026-04-30 17:30:18 | INFO     | Log file: /Users/camilabermudezvalderrama/Documents/LMU-STATISTICS & DATA SCIENCE MASTER/SS2026/Thesis/OCC_HTR/logs/plotting/plot_reproduction14453_100_20260430_173018_plotting.log
2026-04-30 17:30:18 | INFO     | Config file: /Users/camilabermudezvalderrama/Documents/LMU-STATISTICS & DATA SCIENCE MASTER/SS2026/Thesis/OCC_HTR/logs/plotting/plot_reproduction14453_100_20260430_173018_config.json
2026-04-30 17:30:18 | INFO     | Configuration: {
  "run_name": "plot_reproduction14453_100_20260430_173018",
  "timestamp": "20260430_173018",
  "input_dir": "data/raw/original_manuscript/reproduction14453_100",
  "kraken_output_path": "data/processed/segmented_images/segmentation_20260430_123217",
  "output_dir": "data/processed/plotted_bounds/plotting_20260430_173018",
  "font_size": 20,
  "logs_dir": "/Users/camilabermudezvalderrama/Documents/LMU-STATISTICS & DATA SCIENCE MASTER/SS2026/Thesis/OCC_HTR/logs/plotting",
  "environment": {
    "PROJECT_ROOT": "/Users/camilabermudezvalderrama/Documents/LMU-STATISTICS & DATA SCIENCE MASTER/SS2026/Thesis/OCC_HTR",
    "PYTHON_VERSION": "3.11.3 (v3.11.3:f3909b8bc8, Apr  4 2023, 20:12:10) [Clang 13.0.0 (clang-1300.0.29.30)]"
  },
  "git_commit": "8fc13ba2b8edb622f55dd7345f58e9476bfdaa9e"
}
2026-04-30 17:30:18 | INFO     | Starting annotation for 71 images
2026-04-30 17:30:18 | INFO     | Output directory: data/processed/plotted_bounds/plotting_20260430_173018
2026-04-30 17:30:19 | DEBUG    | ✓ Saved: 10_f_005v_006.png
2026-04-30 17:30:19 | DEBUG    | ✓ Saved: 11_f_006v_007.png
2026-04-30 17:30:20 | DEBUG    | ✓ Saved: 12_f_007v_008.png
2026-04-30 17:30:21 | DEBUG    | ✓ Saved: 13_f_008v_009.png
2026-04-30 17:30:22 | DEBUG    | ✓ Saved: 14_f_009v_010.png
2026-04-30 17:30:23 | DEBUG    | ✓ Saved: 15_f_010v_011.png
2026-04-30 17:30:24 | DEBUG    | ✓ Saved: 16_f_011v_012.png
2026-04-30 17:30:25 | DEBUG    | ✓ Saved: 17_f_012v_013.png
2026-04-30 17:30:26 | DEBUG    | ✓ Saved: 18_f_013v_014.png
2026-04-30 17:30:27 | DEBUG    | ✓ Saved: 19_f_014v_015.png
2026-04-30 17:30:27 | INFO     | Progress: 10/71 | ✓ 10
2026-04-30 17:30:28 | DEBUG    | ✓ Saved: 20_f_015v_016.png
2026-04-30 17:30:29 | DEBUG    | ✓ Saved: 21_f_016v_017.png
2026-04-30 17:30:29 | DEBUG    | ✓ Saved: 22_f_017v_018.png
2026-04-30 17:30:30 | DEBUG    | ✓ Saved: 23_f_018v_019.png
2026-04-30 17:30:31 | DEBUG    | ✓ Saved: 24_f_019v_020.png
2026-04-30 17:30:32 | DEBUG    | ✓ Saved: 25_f_020v_021.png
2026-04-30 17:30:33 | DEBUG    | ✓ Saved: 26_f_021v_022.png
2026-04-30 17:30:34 | DEBUG    | ✓ Saved: 27_f_022v_023.png
2026-04-30 17:30:35 | DEBUG    | ✓ Saved: 28_f_023v_024.png
2026-04-30 17:30:36 | DEBUG    | ✓ Saved: 29_f_024v_025.png
2026-04-30 17:30:36 | INFO     | Progress: 20/71 | ✓ 20
2026-04-30 17:30:37 | DEBUG    | ✓ Saved: 30_f_025v_026.png
2026-04-30 17:30:38 | DEBUG    | ✓ Saved: 31_f_026v_027.png
2026-04-30 17:30:39 | DEBUG    | ✓ Saved: 32_f_027v_028.png
2026-04-30 17:30:40 | DEBUG    | ✓ Saved: 33_f_028v_029.png
2026-04-30 17:30:40 | DEBUG    | ✓ Saved: 34_f_029v_030.png
2026-04-30 17:30:41 | DEBUG    | ✓ Saved: 35_f_030v_031.png
2026-04-30 17:30:42 | DEBUG    | ✓ Saved: 36_f_031v_032.png
2026-04-30 17:30:43 | DEBUG    | ✓ Saved: 37_f_032v_033.png
2026-04-30 17:30:44 | DEBUG    | ✓ Saved: 38_f_033v_034.png
2026-04-30 17:30:45 | DEBUG    | ✓ Saved: 39_f_034v_035.png
2026-04-30 17:30:45 | INFO     | Progress: 30/71 | ✓ 30
2026-04-30 17:30:46 | DEBUG    | ✓ Saved: 40_f_035v_036.png
2026-04-30 17:30:47 | DEBUG    | ✓ Saved: 41_f_036v_037.png
2026-04-30 17:30:48 | DEBUG    | ✓ Saved: 42_f_037v_038.png
2026-04-30 17:30:49 | DEBUG    | ✓ Saved: 43_f_038v_039.png
2026-04-30 17:30:50 | DEBUG    | ✓ Saved: 44_f_039v_040.png
2026-04-30 17:30:51 | DEBUG    | ✓ Saved: 45_f_040v_041.png
2026-04-30 17:30:51 | DEBUG    | ✓ Saved: 46_f_041v_042.png
2026-04-30 17:30:52 | DEBUG    | ✓ Saved: 47_f_042v_043.png
2026-04-30 17:30:53 | DEBUG    | ✓ Saved: 48_f_043v_044.png
2026-04-30 17:30:55 | DEBUG    | ✓ Saved: 49_f_044v_045.png
2026-04-30 17:30:55 | INFO     | Progress: 40/71 | ✓ 40
2026-04-30 17:30:56 | DEBUG    | ✓ Saved: 05_garde_001.png
2026-04-30 17:30:56 | DEBUG    | ✓ Saved: 50_f_045v_046.png
2026-04-30 17:30:58 | DEBUG    | ✓ Saved: 51_f_046v_047.png
2026-04-30 17:30:59 | DEBUG    | ✓ Saved: 52_f_047v_048.png
2026-04-30 17:31:00 | DEBUG    | ✓ Saved: 53_f_048v_049.png
2026-04-30 17:31:00 | DEBUG    | ✓ Saved: 54_f_049v_050.png
2026-04-30 17:31:01 | DEBUG    | ✓ Saved: 55_f_050v_051.png
2026-04-30 17:31:02 | DEBUG    | ✓ Saved: 56_f_051v_052.png
2026-04-30 17:31:03 | DEBUG    | ✓ Saved: 57_f_052v_053.png
2026-04-30 17:31:04 | DEBUG    | ✓ Saved: 58_f_053v_054.png
2026-04-30 17:31:04 | INFO     | Progress: 50/71 | ✓ 50
2026-04-30 17:31:05 | DEBUG    | ✓ Saved: 59_f_054v_055.png
2026-04-30 17:31:06 | DEBUG    | ✓ Saved: 06_f_001v_002.png
2026-04-30 17:31:07 | DEBUG    | ✓ Saved: 60_f_055v_056.png
2026-04-30 17:31:08 | DEBUG    | ✓ Saved: 61_f_056v_057.png
2026-04-30 17:31:09 | DEBUG    | ✓ Saved: 62_f_057v_058.png
2026-04-30 17:31:10 | DEBUG    | ✓ Saved: 63_f_058v_059.png
2026-04-30 17:31:11 | DEBUG    | ✓ Saved: 64_f_059v_060.png
2026-04-30 17:31:12 | DEBUG    | ✓ Saved: 65_f_060v_061.png
2026-04-30 17:31:13 | DEBUG    | ✓ Saved: 66_f_061v_062.png
2026-04-30 17:31:14 | DEBUG    | ✓ Saved: 67_f_062v_063.png
2026-04-30 17:31:14 | INFO     | Progress: 60/71 | ✓ 60
2026-04-30 17:31:14 | DEBUG    | ✓ Saved: 68_f_063v_064.png
2026-04-30 17:31:16 | DEBUG    | ✓ Saved: 69_f_064v_065.png
2026-04-30 17:31:16 | DEBUG    | ✓ Saved: 07_f_002v_003.png
2026-04-30 17:31:17 | DEBUG    | ✓ Saved: 70_f_065v_066.png
2026-04-30 17:31:18 | DEBUG    | ✓ Saved: 71_f_066v_067.png
2026-04-30 17:31:19 | DEBUG    | ✓ Saved: 72_f_067v_068.png
2026-04-30 17:31:20 | DEBUG    | ✓ Saved: 73_f_068v_069.png
2026-04-30 17:31:21 | DEBUG    | ✓ Saved: 74_f_069v_070.png
2026-04-30 17:31:22 | DEBUG    | ✓ Saved: 75_f_070v_garde.png
2026-04-30 17:31:23 | DEBUG    | ✓ Saved: 08_f_003v_004.png
2026-04-30 17:31:23 | INFO     | Progress: 70/71 | ✓ 70
2026-04-30 17:31:24 | DEBUG    | ✓ Saved: 09_f_004v_005.png
2026-04-30 17:31:24 | INFO     | Progress: 71/71 | ✓ 71
2026-04-30 17:31:24 | INFO     | === Plotting Complete ===
2026-04-30 17:31:24 | INFO     | Successfully processed: 71/71 (100.0%)
2026-04-30 17:31:24 | INFO     | Skipped (no JSON): 0
2026-04-30 17:31:24 | INFO     | Failed (errors): 0
2026-04-30 17:31:24 | INFO     | Results saved to: data/processed/plotted_bounds/plotting_20260430_173018
2026-04-30 17:31:24 | INFO     | Full config + metrics saved to: /Users/camilabermudezvalderrama/Documents/LMU-STATISTICS & DATA SCIENCE MASTER/SS2026/Thesis/OCC_HTR/logs/plotting/plot_reproduction14453_100_20260430_173018_config.json
2026-04-30 17:31:24 | INFO     | === Run 'plot_reproduction14453_100_20260430_173018' Finished ===
