2026-04-30 18:04:28 | INFO | === Plotting Started | Run: plot_reproduction14453_100_20260430_180428 ===
2026-04-30 18:04:28 | INFO | Configuration: {
  "run_name": "plot_reproduction14453_100_20260430_180428",
  "timestamp": "20260430_180428",
  "input_dir": "data/raw/original_manuscript/reproduction14453_100",
  "kraken_output_path": "data/processed/segmented_images/segmentation_20260430_123217",
  "output_dir": "data/processed/plotted_bounds",
  "font_size": 20,
  "logs_dir": "/Users/camilabermudezvalderrama/Documents/LMU-STATISTICS & DATA SCIENCE MASTER/SS2026/Thesis/OCC_HTR/logs/plotting",
  "environment": {
    "PROJECT_ROOT": "/Users/camilabermudezvalderrama/Documents/LMU-STATISTICS & DATA SCIENCE MASTER/SS2026/Thesis/OCC_HTR",
    "PYTHON_VERSION": "3.11.3 (v3.11.3:f3909b8bc8, Apr  4 2023, 20:12:10) [Clang 13.0.0 (clang-1300.0.29.30)]"
  },
  "git_commit": "8fc13ba"
}
2026-04-30 18:04:28 | INFO | Config: {"run": "plot_reproduction14453_100_20260430_180428", "git": "8fc13ba", "input": "reproduction14453_100", "output": "plotted_bounds", "images_count": 71}
2026-04-30 18:04:28 | INFO | Starting annotation for 71 images...
2026-04-30 18:04:47 | INFO | Progress: 20/71 | OK: 20
2026-04-30 18:05:05 | INFO | Progress: 40/71 | OK: 40
2026-04-30 18:05:24 | INFO | Progress: 60/71 | OK: 60
2026-04-30 18:05:35 | INFO | Progress: 71/71 | OK: 71
2026-04-30 18:05:35 | INFO | Done. Processed: 71 | Errors/Skipped: 0
2026-04-30 18:05:35 | INFO | Output: data/processed/plotted_bounds/plotting_20260430_180428
2026-04-30 18:05:35 | INFO | Log file: /Users/camilabermudezvalderrama/Documents/LMU-STATISTICS & DATA SCIENCE MASTER/SS2026/Thesis/OCC_HTR/logs/plotting/plot_reproduction14453_100_20260430_180428_plotting.log
