2026-04-30 11:10:49,108 - INFO - === Mask Generation Run Started ===
2026-04-30 11:10:49,108 - INFO - Run name: mask_reproduction14453_100_20260430_111049
2026-04-30 11:10:49,108 - INFO - Log file: /Users/camilabermudezvalderrama/Documents/LMU-STATISTICS & DATA SCIENCE MASTER/SS2026/Thesis/OCC_HTR/logs/mask_generation/mask_reproduction14453_100_20260430_111049_mask_generation.log
2026-04-30 11:10:49,108 - INFO - Config file: /Users/camilabermudezvalderrama/Documents/LMU-STATISTICS & DATA SCIENCE MASTER/SS2026/Thesis/OCC_HTR/logs/mask_generation/mask_reproduction14453_100_20260430_111049_config.json
2026-04-30 11:10:49,122 - INFO - Model Configuration: {
  "model_path": "./models/layout/y8_YALTAi_50epochs_best_+9annotated_fix50.pt",
  "model_name": "y8_YALTAi_50epochs_best_+9annotated_fix50",
  "model_file_size_mb": 5.94,
  "timestamp": "20260430_111049",
  "images_path": "./data/raw/original_manuscript/reproduction14453_100",
  "output_path": "./data/processed/img_layout",
  "imgsz": 640,
  "target_class": "MainZone",
  "environment": {
    "PROJECT_ROOT": "/Users/camilabermudezvalderrama/Documents/LMU-STATISTICS & DATA SCIENCE MASTER/SS2026/Thesis/OCC_HTR",
    "SEGMONTO_LIST": "['DamageZone', 'DigitizationArtefactZone', 'DropCapitalZone', 'GraphicZone', 'MainZone', 'MarginTextZone', 'MusicZone', 'NumberingZone', 'QuireMarksZone', 'RunningTitleZone', 'SealZone', 'StampZone', 'TableZone', 'TitlePageZone']"
  },
  "git_commit": "0078610adf0a6f796e9fe844a64c721d8afbf722"
}
2026-04-30 11:10:49,122 - INFO - Loading YOLO model: y8_YALTAi_50epochs_best_+9annotated_fix50
2026-04-30 11:10:49,142 - INFO - Masks output directory: ./data/processed/img_layout/masks/20260430_111049
2026-04-30 11:10:49,142 - INFO - Images output directory: ./data/processed/img_layout/images
2026-04-30 11:10:49,143 - INFO - Target class: 'MainZone' (index: 4)
2026-04-30 11:10:49,143 - INFO - Starting prediction on: ./data/raw/original_manuscript/reproduction14453_100
2026-04-30 11:10:54,010 - INFO - === Processing Summary ===
2026-04-30 11:10:54,011 - INFO - Total images: 71
2026-04-30 11:10:54,011 - INFO - Images with MainZone detected: 71
2026-04-30 11:10:54,011 - INFO - Images with no detections: 0
2026-04-30 11:10:54,011 - INFO - Masks saved to: ./data/processed/img_layout/masks/20260430_111049
2026-04-30 11:10:54,011 - INFO - === Mask Generation Run Completed ===
2026-04-30 11:10:54,011 - INFO - Configuration and summary saved to: /Users/camilabermudezvalderrama/Documents/LMU-STATISTICS & DATA SCIENCE MASTER/SS2026/Thesis/OCC_HTR/logs/mask_generation/mask_reproduction14453_100_20260430_111049_config.json
