2026-04-30 20:06:52 | INFO | === Filtering Started | Run: filter_20260430_191401_20260430_200652 ===
2026-04-30 20:06:52 | INFO | Config: {"run": "filter_20260430_191401_20260430_200652", "git": "8fc13ba", "binarized_input": "20260430_191401", "extracted_input": "extraction_20260430_190006", "output_base": "filtered_images", "timestamp": "20260430_200652", "density_thresholds": [0.001, 0.997], "size_thresholds": [0.03]}
2026-04-30 20:06:52 | INFO | Output directory: data/processed/filtered_images/20260430_200652
2026-04-30 20:06:52 | INFO | Analyzing images for filtering...
2026-04-30 20:06:53 | INFO | Filter Breakdown:
2026-04-30 20:06:53 | INFO |     Density outliers: 56 (low: 14, high: 42)
2026-04-30 20:06:53 | INFO |     Size outliers:    415 (low: 415, high: 0)
2026-04-30 20:06:53 | INFO |     Long images:      123
2026-04-30 20:06:53 | INFO |     Clean/kept:       13696
2026-04-30 20:06:53 | INFO |  Intersections:
2026-04-30 20:06:53 | INFO |    Density ∩ Size:     51
2026-04-30 20:06:53 | INFO |    Density ∩ Long:     30
2026-04-30 20:06:53 | INFO |    Size ∩ Long:        121
2026-04-30 20:06:53 | INFO |    All three:          30
2026-04-30 20:06:53 | INFO |  Final Removal:
2026-04-30 20:06:53 | INFO |    Unique to remove:   144
2026-04-30 20:06:53 | INFO |  Funnel:
2026-04-30 20:06:53 | INFO |     Total analyzed      13819 ████████████████████████████████████████
2026-04-30 20:06:53 | INFO |     Density filter         56 
2026-04-30 20:06:53 | INFO |     Size filter           415 █
2026-04-30 20:06:53 | INFO |     Long filter           123 
2026-04-30 20:06:53 | INFO |     Final removal         144 
2026-04-30 20:06:53 | INFO |     Kept                13675 ███████████████████████████████████████
2026-04-30 20:06:53 | INFO | Analysis complete: 13819 images | Marked for removal: 144
2026-04-30 20:06:53 | INFO | Moving binarized images...
2026-04-30 20:06:56 | INFO | Binarized: 13675 kept | 144 removed
2026-04-30 20:06:56 | INFO | Moving original extracted lines...
2026-04-30 20:07:01 | INFO |    ✓ Original: 13675 kept | 144 removed
2026-04-30 20:07:01 | INFO | Filtering complete
2026-04-30 20:07:01 | INFO | Kept: 27350 | Removed: 288
2026-04-30 20:07:01 | INFO | Results: data/processed/filtered_images/20260430_200652
2026-04-30 20:07:01 | INFO | Log file: /Users/camilabermudezvalderrama/Documents/LMU-STATISTICS & DATA SCIENCE MASTER/SS2026/Thesis/OCC_HTR/logs/filtering/filter_20260430_191401_20260430_200652_filtering.log
