2026-04-30 22:49:58 | INFO | === Filtering Started | Run: filter_20260430_192414_20260430_224958 ===
2026-04-30 22:49:58 | INFO | Config: {"run": "filter_20260430_192414_20260430_224958", "git": "8fc13ba", "binarized_input": "20260430_192414", "extracted_input": "extraction_20260430_190006", "output_base": "filtered_images", "timestamp": "20260430_224958", "density_thresholds": [0.001, 0.997], "size_thresholds": [0.03]}
2026-04-30 22:49:58 | INFO | Output directory: data/processed/filtered_images/20260430_224958
2026-04-30 22:49:58 | INFO | Analyzing images for filtering...
2026-04-30 22:50:00 | INFO | Filter Breakdown:
2026-04-30 22:50:00 | INFO |     Density outliers: 56 (low: 14, high: 42)
2026-04-30 22:50:00 | INFO |     Size outliers:    415 (low: 415, high: 0)
2026-04-30 22:50:00 | INFO |     Long images:      123
2026-04-30 22:50:00 | INFO |     Clean/kept:       13696
2026-04-30 22:50:00 | INFO |  Intersections:
2026-04-30 22:50:00 | INFO |    Density ∩ Size:     50
2026-04-30 22:50:00 | INFO |    Density ∩ Long:     28
2026-04-30 22:50:00 | INFO |    Size ∩ Long:        121
2026-04-30 22:50:00 | INFO |    All three:          28
2026-04-30 22:50:00 | INFO |  Final Removal:
2026-04-30 22:50:00 | INFO |    Unique to remove:   145
2026-04-30 22:50:00 | INFO |  Funnel:
2026-04-30 22:50:00 | INFO |     Total analyzed      13819 ████████████████████████████████████████
2026-04-30 22:50:00 | INFO |     Density filter         56 
2026-04-30 22:50:00 | INFO |     Size filter           415 █
2026-04-30 22:50:00 | INFO |     Long filter           123 
2026-04-30 22:50:00 | INFO |     Final removal         145 
2026-04-30 22:50:00 | INFO |     Kept                13674 ███████████████████████████████████████
2026-04-30 22:50:00 | INFO | Analysis complete: 13819 images | Marked for removal: 145
2026-04-30 22:50:00 | INFO | Moving binarized images...
2026-04-30 22:50:03 | INFO | Binarized: 13674 kept | 145 removed
2026-04-30 22:50:03 | INFO | Moving original extracted lines...
2026-04-30 22:50:08 | INFO |    ✓ Original: 13674 kept | 145 removed
2026-04-30 22:50:08 | INFO | Filtering complete
2026-04-30 22:50:08 | INFO | Kept: 27348 | Removed: 290
2026-04-30 22:50:08 | INFO | Results: data/processed/filtered_images/20260430_224958
2026-04-30 22:50:08 | INFO | Log file: /Users/camilabermudezvalderrama/Documents/LMU-STATISTICS & DATA SCIENCE MASTER/SS2026/Thesis/OCC_HTR/logs/filtering/filter_20260430_192414_20260430_224958_filtering.log
